<?xml version="1.0" encoding="UTF-8"?>
<!-- Generated by org.testng.reporters.JUnitReportReporter -->
<testsuite hostname="AKA" failures="0" tests="1" name="com.qa.gorest.tests.GetUserTest" time="2.722" errors="0" timestamp="2023-11-16T12:20:34 CST" skipped="0">
  <testcase classname="com.qa.gorest.tests.GetUserTest" name="getUserWithQueryParamsTest" time="2.722"/>
  <system-out/>
</testsuite> <!-- com.qa.gorest.tests.GetUserTest -->
