<?xml version="1.0" encoding="UTF-8"?>
<!-- Generated by org.testng.reporters.JUnitReportReporter -->
<testsuite hostname="AKA" failures="0" tests="4" name="com.qa.gorest.tests.CreateUserTest" time="12.915" errors="0" timestamp="2023-11-30T11:33:27 CST" skipped="0">
  <testcase classname="com.qa.gorest.tests.CreateUserTest" name="createUserTest" time="3.773"/>
  <system-out/>
  <testcase classname="com.qa.gorest.tests.CreateUserTest" name="createUserTest" time="2.221"/>
  <system-out/>
  <testcase classname="com.qa.gorest.tests.CreateUserTest" name="createUserTest" time="4.735"/>
  <system-out/>
  <testcase classname="com.qa.gorest.tests.CreateUserTest" name="createUserTest" time="2.186"/>
  <system-out/>
</testsuite> <!-- com.qa.gorest.tests.CreateUserTest -->
