<?xml version="1.0" encoding="UTF-8"?>
<!-- Generated by org.testng.reporters.JUnitReportReporter -->
<testsuite hostname="AKA" failures="0" tests="1" name="com.qa.gorest.tests.ReqResAPITest" time="0.173" errors="0" timestamp="2023-11-30T11:33:27 CST" skipped="0">
  <testcase classname="com.qa.gorest.tests.ReqResAPITest" name="getReqResUsersTest" time="0.173"/>
  <system-out/>
</testsuite> <!-- com.qa.gorest.tests.ReqResAPITest -->
